<?xml version="1.0" encoding="UTF-8"?>
<testng-results ignored="0" total="1" passed="1" failed="0" skipped="0">
  <reporter-output>
  </reporter-output>
  <suite started-at="2023-07-30T17:54:05 EDT" name="Default suite" finished-at="2023-07-30T17:54:11 EDT" duration-ms="6624">
    <groups>
    </groups>
    <test started-at="2023-07-30T17:54:05 EDT" name="Default test" finished-at="2023-07-30T17:54:11 EDT" duration-ms="6624">
      <class name="com.steph.app.PlaygroundTest">
        <test-method is-config="true" signature="setup()[pri:0, instance:com.steph.app.PlaygroundTest@6eda5c9]" started-at="2023-07-30T17:54:05 EDT" name="setup" finished-at="2023-07-30T17:54:07 EDT" duration-ms="2234" status="PASS">
          <reporter-output>
          </reporter-output>
        </test-method> <!-- setup -->
        <test-method signature="endToEndTest()[pri:0, instance:com.steph.app.PlaygroundTest@6eda5c9]" started-at="2023-07-30T17:54:07 EDT" name="endToEndTest" finished-at="2023-07-30T17:54:11 EDT" duration-ms="4374" status="PASS">
          <reporter-output>
          </reporter-output>
        </test-method> <!-- endToEndTest -->
      </class> <!-- com.steph.app.PlaygroundTest -->
    </test> <!-- Default test -->
  </suite> <!-- Default suite -->
</testng-results>
